<?xml version="1.0" encoding="UTF-8"?>
<!-- Generated by org.testng.reporters.JUnitReportReporter -->
<testsuite hostname="DESKTOP-UK948IS" name="TestNG.GoogleTest" tests="6" failures="0" timestamp="18 Sep 2021 14:03:15 GMT" time="46.809" errors="0">
  <testcase name="Test3" time="7.172" classname="TestNG.GoogleTest"/>
  <testcase name="GoogleLogoTest" time="9.739" classname="TestNG.GoogleTest"/>
  <testcase name="Test1" time="7.520" classname="TestNG.GoogleTest"/>
  <testcase name="GoogletitleTest" time="7.733" classname="TestNG.GoogleTest"/>
  <testcase name="Test2" time="6.143" classname="TestNG.GoogleTest"/>
  <testcase name="Linktest" time="8.502" classname="TestNG.GoogleTest"/>
</testsuite> <!-- TestNG.GoogleTest -->
