<?xml version="1.0" encoding="UTF-8"?>
<!-- Generated by org.testng.reporters.JUnitReportReporter -->
<testsuite hostname="DESKTOP-UK948IS" name="TestNG.TestNgbasic" tests="3" failures="0" timestamp="18 Sep 2021 06:48:02 GMT" time="0.097" errors="0">
  <testcase name="googleTitleTest" time="0.038" classname="TestNG.TestNgbasic"/>
  <testcase name="SearchTest" time="0.039" classname="TestNG.TestNgbasic"/>
  <testcase name="GooglelogoTest" time="0.020" classname="TestNG.TestNgbasic"/>
</testsuite> <!-- TestNG.TestNgbasic -->
