<?xml version="1.0" encoding="UTF-8"?>
<!-- Generated by org.testng.reporters.JUnitReportReporter -->
<testsuite hostname="DESKTOP-UK948IS" name="TestNG.ExceptionTimeOut" tests="1" failures="0" timestamp="18 Sep 2021 14:26:02 GMT" time="0.029" errors="0">
  <testcase name="infiniteloopTest" time="0.029" classname="TestNG.ExceptionTimeOut"/>
</testsuite> <!-- TestNG.ExceptionTimeOut -->
