<?xml version="1.0" encoding="UTF-8"?>
<!-- Generated by org.testng.reporters.JUnitReportReporter -->
<testsuite hostname="DESKTOP-UK948IS" name="TestNG.InvocationTest" tests="10" failures="0" timestamp="18 Sep 2021 14:18:14 GMT" time="0.097" errors="0">
  <testcase name="Sum" time="0.009" classname="TestNG.InvocationTest"/>
  <testcase name="Sum" time="0.003" classname="TestNG.InvocationTest"/>
  <testcase name="Sum" time="0.009" classname="TestNG.InvocationTest"/>
  <testcase name="Sum" time="0.009" classname="TestNG.InvocationTest"/>
  <testcase name="Sum" time="0.003" classname="TestNG.InvocationTest"/>
  <testcase name="Sum" time="0.009" classname="TestNG.InvocationTest"/>
  <testcase name="Sum" time="0.006" classname="TestNG.InvocationTest"/>
  <testcase name="Sum" time="0.007" classname="TestNG.InvocationTest"/>
  <testcase name="Sum" time="0.013" classname="TestNG.InvocationTest"/>
  <testcase name="Sum" time="0.029" classname="TestNG.InvocationTest"/>
</testsuite> <!-- TestNG.InvocationTest -->
